\BOOKMARK [1][-]{section.1}{\376\377\0001\000\040\000B\000a\000s\000e\000\040\000d\000e\000\040\000d\000a\000t\000o\000s\000\040\000d\000e\000\040\000e\000j\000e\000m\000p\000l\000o}{}% 1
\BOOKMARK [1][-]{section.2}{\376\377\0002\000\040\000P\000r\000e\000p\000a\000r\000a\000c\000i\000\363\000n\000\040\000d\000e\000\040\000l\000o\000s\000\040\000d\000a\000t\000o\000s\000:\000\040\000t\000r\000a\000n\000s\000f\000o\000r\000m\000a\000c\000i\000\363\000n\000\040\000d\000e\000\040\000c\000o\000e\000f\000i\000c\000i\000e\000n\000t\000e\000s\000\040\000r\000\040\000d\000e\000\040\000P\000e\000a\000r\000s\000o\000n\000\040\000a\000\040\000z\000\040\000d\000e\000\040\000F\000i\000s\000h\000e\000r}{}% 2
\BOOKMARK [1][-]{section.3}{\376\377\0003\000\040\000H\000a\000c\000e\000r\000\040\000e\000l\000\040\000m\000e\000t\000a\000-\000a\000n\000\341\000l\000i\000s\000i\000s}{}% 3
\BOOKMARK [2][-]{subsection.3.1}{\376\377\0003\000.\0001\000\040\000I\000n\000t\000e\000r\000p\000r\000e\000t\000a\000c\000i\000\363\000n\000\040\000d\000e\000\040\000l\000o\000s\000\040\000r\000e\000s\000u\000l\000t\000a\000d\000o\000s\000\040\000d\000e\000l\000\040\000m\000e\000t\000a\000-\000a\000n\000\341\000l\000i\000s\000i\000s}{section.3}% 4
\BOOKMARK [3][-]{subsubsection.3.1.1}{\376\377\0003\000.\0001\000.\0001\000\040\000A\000l\000t\000e\000r\000n\000a\000t\000i\000v\000a\000:\000\040\000R\000e\000p\000o\000r\000t\000a\000r\000\040\000e\000l\000\040\000e\000s\000t\000i\000m\000a\000d\000o\000\040\000c\000o\000m\000o\000\040\000r\000\040\000d\000e\000\040\000P\000e\000a\000r\000s\000o\000n\000\040\000e\000n\000\040\000v\000e\000z\000\040\000d\000e\000\040\000z\000\040\000d\000e\000\040\000F\000i\000s\000h\000e\000r}{subsection.3.1}% 5
\BOOKMARK [2][-]{subsection.3.2}{\376\377\0003\000.\0002\000\040\000M\000\341\000s\000\040\000i\000n\000f\000o\000r\000m\000a\000c\000i\000\363\000n\000\040\000s\000o\000b\000r\000e\000\040\000h\000e\000t\000e\000r\000o\000g\000e\000n\000e\000i\000d\000a\000d}{section.3}% 6
\BOOKMARK [2][-]{subsection.3.3}{\376\377\0003\000.\0003\000\040\000D\000i\000a\000g\000n\000\363\000s\000t\000i\000c\000o\000\040\000d\000e\000\040\000i\000n\000f\000l\000u\000e\000n\000c\000i\000a}{section.3}% 7
\BOOKMARK [2][-]{subsection.3.4}{\376\377\0003\000.\0004\000\040\000F\000o\000r\000e\000s\000t\000\040\000p\000l\000o\000t\000\040\000\050\000d\000i\000a\000g\000r\000a\000m\000a\000\040\000d\000e\000\040\000b\000o\000s\000q\000u\000e\000\051}{section.3}% 8
\BOOKMARK [2][-]{subsection.3.5}{\376\377\0003\000.\0005\000\040\000F\000u\000n\000n\000e\000l\000\040\000p\000l\000o\000t\000\040\000\050\000d\000i\000a\000g\000r\000a\000m\000a\000\040\000d\000e\000\040\000e\000m\000b\000u\000d\000o\000\051\000\040\000y\000\040\000s\000e\000s\000g\000o\000\040\000d\000e\000\040\000e\000s\000t\000u\000d\000i\000o\000s\000\040\000p\000e\000q\000u\000e\000\361\000o\000s}{section.3}% 9
\BOOKMARK [3][-]{subsubsection.3.5.1}{\376\377\0003\000.\0005\000.\0001\000\040\000F\000u\000n\000n\000e\000l\000\040\000p\000l\000o\000t}{subsection.3.5}% 10
\BOOKMARK [3][-]{subsubsection.3.5.2}{\376\377\0003\000.\0005\000.\0002\000\040\000R\000e\000g\000r\000e\000s\000i\000\363\000n\000\040\000d\000e\000\040\000E\000g\000g\000e\000r}{subsection.3.5}% 11
\BOOKMARK [2][-]{subsection.3.6}{\376\377\0003\000.\0006\000\040\000S\000e\000s\000g\000o\000\040\000d\000e\000\040\000p\000u\000b\000l\000i\000c\000a\000c\000i\000\363\000n\000\040\000\050\000p\000u\000b\000l\000i\000c\000a\000t\000i\000o\000n\000\040\000b\000i\000a\000s\000\051}{section.3}% 12
\BOOKMARK [3][-]{subsubsection.3.6.1}{\376\377\0003\000.\0006\000.\0001\000\040\000M\000\351\000t\000o\000d\000o\000\040\000t\000r\000i\000m\000\040\000a\000n\000d\000\040\000f\000i\000l\000l\000\040\000\050\000r\000e\000c\000o\000r\000t\000e\000\040\000y\000\040\000r\000e\000l\000l\000e\000n\000o\000\051}{subsection.3.6}% 13
\BOOKMARK [3][-]{subsubsection.3.6.2}{\376\377\0003\000.\0006\000.\0002\000\040\000E\000s\000t\000i\000m\000a\000c\000i\000\363\000n\000\040\000d\000e\000l\000\040\000m\000o\000d\000e\000l\000o\000\040\000d\000e\000\040\000f\000u\000n\000c\000i\000\363\000n\000\040\000d\000e\000\040\000p\000e\000s\000o}{subsection.3.6}% 14
\BOOKMARK [1][-]{section.4}{\376\377\0004\000\040\000M\000e\000t\000a\000-\000a\000n\000\341\000l\000i\000s\000i\000s\000\040\000d\000e\000\040\000c\000o\000r\000r\000e\000l\000a\000c\000i\000\363\000n\000\040\000c\000o\000n\000\040\000m\000o\000d\000e\000r\000a\000d\000o\000r\000\040\000\050\000m\000e\000t\000a\000-\000r\000e\000g\000r\000e\000s\000i\000\363\000n\000\051}{}% 15
\BOOKMARK [2][-]{subsection.4.1}{\376\377\0004\000.\0001\000\040\000E\000j\000e\000m\000p\000l\000o\000\040\0001\000:\000\040\000M\000o\000d\000e\000r\000a\000c\000i\000\363\000n\000\040\000d\000e\000\040\000l\000a\000\040\000e\000d\000a\000d\000\040\000p\000r\000o\000m\000e\000d\000i\000o\000\040\000d\000e\000\040\000l\000o\000s\000\040\000p\000a\000r\000t\000i\000c\000i\000p\000a\000n\000t\000e\000s}{section.4}% 16
\BOOKMARK [3][-]{subsubsection.4.1.1}{\376\377\0004\000.\0001\000.\0001\000\040\000F\000o\000r\000e\000s\000t\000\040\000p\000l\000o\000t\000\040\000y\000\040\000f\000u\000n\000n\000e\000l\000\040\000p\000l\000o\000t}{subsection.4.1}% 17
\BOOKMARK [3][-]{subsubsection.4.1.2}{\376\377\0004\000.\0001\000.\0002\000\040\000M\000e\000t\000a\000-\000A\000n\000a\000l\000y\000t\000i\000c\000\040\000S\000c\000a\000t\000t\000e\000r\000\040\000P\000l\000o\000t\000\040\000\050\000G\000r\000\341\000f\000i\000c\000o\000\040\000d\000e\000\040\000d\000i\000s\000p\000e\000r\000s\000i\000\363\000n\000\040\000m\000e\000t\000a\000-\000a\000n\000a\000l\000\355\000t\000i\000c\000o\000\051}{subsection.4.1}% 18
\BOOKMARK [2][-]{subsection.4.2}{\376\377\0004\000.\0002\000\040\000E\000j\000e\000m\000p\000l\000o\000\040\0002\000:\000\040\000M\000o\000d\000e\000r\000a\000c\000i\000\363\000n\000\040\000d\000e\000\040\000l\000a\000s\000\040\000c\000o\000n\000t\000r\000o\000l\000e\000s\000\040\000u\000s\000a\000d\000o\000s\000\040\000e\000n\000\040\000c\000a\000d\000a\000\040\000e\000s\000t\000u\000d\000i\000o\000\040\000m\000e\000t\000a\000-\000a\000n\000a\000l\000i\000z\000a\000d\000o}{section.4}% 19
\BOOKMARK [1][-]{section.5}{\376\377\0005\000\040\000P\000o\000d\000e\000r\000\040\000e\000s\000t\000a\000d\000\355\000s\000t\000i\000c\000o\000\040\000d\000e\000l\000\040\000m\000e\000t\000a\000-\000a\000n\000\341\000l\000i\000s\000i\000s}{}% 20
\BOOKMARK [2][-]{subsection.5.1}{\376\377\0005\000.\0001\000\040\000I\000n\000s\000t\000a\000l\000a\000c\000i\000\363\000n\000\040\000d\000e\000\040\000m\000e\000t\000a\000m\000e\000t\000a}{section.5}% 21
\BOOKMARK [2][-]{subsection.5.2}{\376\377\0005\000.\0002\000\040\000A\000n\000\341\000l\000i\000s\000i\000s\000\040\000d\000e\000\040\000p\000o\000d\000e\000r}{section.5}% 22
\BOOKMARK [2][-]{subsection.5.3}{\376\377\0005\000.\0003\000\040\000V\000i\000s\000u\000a\000l\000i\000z\000a\000c\000i\000\363\000n\000\040\000d\000e\000l\000\040\000a\000n\000\341\000l\000i\000s\000i\000s\000\040\000d\000e\000\040\000p\000o\000d\000e\000r\000\040\000\050\000F\000i\000r\000e\000p\000o\000w\000e\000r\000\040\000p\000l\000o\000t\000\051}{section.5}% 23
\BOOKMARK [1][-]{section*.20}{\376\377\000A\000P\000\311\000N\000D\000I\000C\000E\000S}{}% 24
\BOOKMARK [2][-]{section*.21}{\376\377\000A\000l\000t\000e\000r\000n\000a\000t\000i\000v\000a\000s\000\040\000a\000\040\000m\000e\000t\000a\000f\000o\000r}{section*.20}% 25
\BOOKMARK [2][-]{section*.22}{\376\377\000C\000i\000t\000a\000s\000\040\000y\000\040\000r\000e\000f\000e\000r\000e\000n\000c\000i\000a\000s\000\040\000d\000e\000\040\000p\000a\000q\000u\000e\000t\000e\000s\000\040\000d\000e\000\040\000R}{section*.20}% 26
\BOOKMARK [1][-]{section*.23}{\376\377\000R\000e\000f\000e\000r\000e\000n\000c\000i\000a\000s}{}% 27
